<?xml version="1.0" encoding="UTF-8"?>
<testsuite name="org.zerock.guestbook.service.GuestbookServiceTests" tests="1" skipped="0" failures="0" errors="0" timestamp="2021-01-20T05:16:03" hostname="AL01590072.local" time="0.349">
  <properties/>
  <testcase name="testList()" classname="org.zerock.guestbook.service.GuestbookServiceTests" time="0.349"/>
  <system-out><![CDATA[14:15:54.443 [Test worker] DEBUG org.springframework.test.context.BootstrapUtils - Instantiating CacheAwareContextLoaderDelegate from class [org.springframework.test.context.cache.DefaultCacheAwareContextLoaderDelegate]
14:15:54.458 [Test worker] DEBUG org.springframework.test.context.BootstrapUtils - Instantiating BootstrapContext using constructor [public org.springframework.test.context.support.DefaultBootstrapContext(java.lang.Class,org.springframework.test.context.CacheAwareContextLoaderDelegate)]
14:15:54.490 [Test worker] DEBUG org.springframework.test.context.BootstrapUtils - Instantiating TestContextBootstrapper for test class [org.zerock.guestbook.service.GuestbookServiceTests] from class [org.springframework.boot.test.context.SpringBootTestContextBootstrapper]
14:15:54.502 [Test worker] INFO org.springframework.boot.test.context.SpringBootTestContextBootstrapper - Neither @ContextConfiguration nor @ContextHierarchy found for test class [org.zerock.guestbook.service.GuestbookServiceTests], using SpringBootContextLoader
14:15:54.505 [Test worker] DEBUG org.springframework.test.context.support.AbstractContextLoader - Did not detect default resource location for test class [org.zerock.guestbook.service.GuestbookServiceTests]: class path resource [org/zerock/guestbook/service/GuestbookServiceTests-context.xml] does not exist
14:15:54.506 [Test worker] DEBUG org.springframework.test.context.support.AbstractContextLoader - Did not detect default resource location for test class [org.zerock.guestbook.service.GuestbookServiceTests]: class path resource [org/zerock/guestbook/service/GuestbookServiceTestsContext.groovy] does not exist
14:15:54.506 [Test worker] INFO org.springframework.test.context.support.AbstractContextLoader - Could not detect default resource locations for test class [org.zerock.guestbook.service.GuestbookServiceTests]: no resource found for suffixes {-context.xml, Context.groovy}.
14:15:54.507 [Test worker] INFO org.springframework.test.context.support.AnnotationConfigContextLoaderUtils - Could not detect default configuration classes for test class [org.zerock.guestbook.service.GuestbookServiceTests]: GuestbookServiceTests does not declare any static, non-private, non-final, nested classes annotated with @Configuration.
14:15:54.557 [Test worker] DEBUG org.springframework.test.context.support.ActiveProfilesUtils - Could not find an 'annotation declaring class' for annotation type [org.springframework.test.context.ActiveProfiles] and class [org.zerock.guestbook.service.GuestbookServiceTests]
14:15:54.617 [Test worker] DEBUG org.springframework.context.annotation.ClassPathScanningCandidateComponentProvider - Identified candidate component class: file [/Users/godo/Documents/GitHub/rasungKi.github.io/guestbook/build/classes/java/main/org/zerock/guestbook/GuestbookApplication.class]
14:15:54.618 [Test worker] INFO org.springframework.boot.test.context.SpringBootTestContextBootstrapper - Found @SpringBootConfiguration org.zerock.guestbook.GuestbookApplication for test class org.zerock.guestbook.service.GuestbookServiceTests
14:15:54.711 [Test worker] DEBUG org.springframework.boot.test.context.SpringBootTestContextBootstrapper - @TestExecutionListeners is not present for class [org.zerock.guestbook.service.GuestbookServiceTests]: using defaults.
14:15:54.712 [Test worker] INFO org.springframework.boot.test.context.SpringBootTestContextBootstrapper - Loaded default TestExecutionListener class names from location [META-INF/spring.factories]: [org.springframework.boot.test.autoconfigure.restdocs.RestDocsTestExecutionListener, org.springframework.boot.test.autoconfigure.web.client.MockRestServiceServerResetTestExecutionListener, org.springframework.boot.test.autoconfigure.web.servlet.MockMvcPrintOnlyOnFailureTestExecutionListener, org.springframework.boot.test.autoconfigure.web.servlet.WebDriverTestExecutionListener, org.springframework.boot.test.autoconfigure.webservices.client.MockWebServiceServerTestExecutionListener, org.springframework.boot.test.mock.mockito.MockitoTestExecutionListener, org.springframework.boot.test.mock.mockito.ResetMocksTestExecutionListener, org.springframework.test.context.web.ServletTestExecutionListener, org.springframework.test.context.support.DirtiesContextBeforeModesTestExecutionListener, org.springframework.test.context.event.ApplicationEventsTestExecutionListener, org.springframework.test.context.support.DependencyInjectionTestExecutionListener, org.springframework.test.context.support.DirtiesContextTestExecutionListener, org.springframework.test.context.transaction.TransactionalTestExecutionListener, org.springframework.test.context.jdbc.SqlScriptsTestExecutionListener, org.springframework.test.context.event.EventPublishingTestExecutionListener]
14:15:54.732 [Test worker] INFO org.springframework.boot.test.context.SpringBootTestContextBootstrapper - Using TestExecutionListeners: [org.springframework.test.context.web.ServletTestExecutionListener@793ec723, org.springframework.test.context.support.DirtiesContextBeforeModesTestExecutionListener@11cf56b, org.springframework.test.context.event.ApplicationEventsTestExecutionListener@7e82be07, org.springframework.boot.test.mock.mockito.MockitoTestExecutionListener@44a93d3b, org.springframework.boot.test.autoconfigure.SpringBootDependencyInjectionTestExecutionListener@4ba1ed52, org.springframework.test.context.support.DirtiesContextTestExecutionListener@2d70fee0, org.springframework.test.context.transaction.TransactionalTestExecutionListener@46690fcf, org.springframework.test.context.jdbc.SqlScriptsTestExecutionListener@4b24a2dc, org.springframework.test.context.event.EventPublishingTestExecutionListener@fab1d97, org.springframework.boot.test.autoconfigure.restdocs.RestDocsTestExecutionListener@2586657c, org.springframework.boot.test.autoconfigure.web.client.MockRestServiceServerResetTestExecutionListener@2b9f1174, org.springframework.boot.test.autoconfigure.web.servlet.MockMvcPrintOnlyOnFailureTestExecutionListener@45c37499, org.springframework.boot.test.autoconfigure.web.servlet.WebDriverTestExecutionListener@12d38e13, org.springframework.boot.test.autoconfigure.webservices.client.MockWebServiceServerTestExecutionListener@4e8b4b0, org.springframework.boot.test.mock.mockito.ResetMocksTestExecutionListener@57af11e8]
14:15:54.735 [Test worker] DEBUG org.springframework.test.context.support.AbstractDirtiesContextTestExecutionListener - Before test class: context [DefaultTestContext@2753f850 testClass = GuestbookServiceTests, testInstance = [null], testMethod = [null], testException = [null], mergedContextConfiguration = [WebMergedContextConfiguration@3409d7ee testClass = GuestbookServiceTests, locations = '{}', classes = '{class org.zerock.guestbook.GuestbookApplication}', contextInitializerClasses = '[]', activeProfiles = '{}', propertySourceLocations = '{}', propertySourceProperties = '{org.springframework.boot.test.context.SpringBootTestContextBootstrapper=true}', contextCustomizers = set[org.springframework.boot.test.autoconfigure.actuate.metrics.MetricsExportContextCustomizerFactory$DisableMetricExportContextCustomizer@5a5a0d76, org.springframework.boot.test.autoconfigure.properties.PropertyMappingContextCustomizer@0, org.springframework.boot.test.autoconfigure.web.servlet.WebDriverContextCustomizerFactory$Customizer@43901aeb, org.springframework.boot.test.context.filter.ExcludeFilterContextCustomizer@6c5b14c7, org.springframework.boot.test.json.DuplicateJsonObjectContextCustomizerFactory$DuplicateJsonObjectContextCustomizer@3032d37d, org.springframework.boot.test.mock.mockito.MockitoContextCustomizer@0, org.springframework.boot.test.web.client.TestRestTemplateContextCustomizer@6e6bc9e4, org.springframework.boot.test.context.SpringBootTestArgs@1, org.springframework.boot.test.context.SpringBootTestWebEnvironment@71809f01], resourceBasePath = 'src/main/webapp', contextLoader = 'org.springframework.boot.test.context.SpringBootContextLoader', parent = [null]], attributes = map['org.springframework.test.context.web.ServletTestExecutionListener.activateListener' -> true]], class annotated with @DirtiesContext [false] with mode [null].
14:15:54.768 [Test worker] DEBUG org.springframework.test.context.support.TestPropertySourceUtils - Adding inlined properties to environment: {spring.jmx.enabled=false, org.springframework.boot.test.context.SpringBootTestContextBootstrapper=true}

  .   ____          _            __ _ _
 /\\ / ___'_ __ _ _(_)_ __  __ _ \ \ \ \
( ( )\___ | '_ | '_| | '_ \/ _` | \ \ \ \
 \\/  ___)| |_)| | | | | || (_| |  ) ) ) )
  '  |____| .__|_| |_|_| |_\__, | / / / /
 =========|_|==============|___/=/_/_/_/
 :: Spring Boot ::                (v2.4.2)

2021-01-20 14:16:00.034  INFO 56074 --- [    Test worker] o.z.g.service.GuestbookServiceTests      : Starting GuestbookServiceTests using Java 11.0.9.1 on AL01590072.local with PID 56074 (started by godo in /Users/godo/Documents/GitHub/rasungKi.github.io/guestbook)
2021-01-20 14:16:00.036  INFO 56074 --- [    Test worker] o.z.g.service.GuestbookServiceTests      : No active profile set, falling back to default profiles: default
2021-01-20 14:16:00.622  INFO 56074 --- [    Test worker] .s.d.r.c.RepositoryConfigurationDelegate : Bootstrapping Spring Data JPA repositories in DEFAULT mode.
2021-01-20 14:16:00.677  INFO 56074 --- [    Test worker] .s.d.r.c.RepositoryConfigurationDelegate : Finished Spring Data repository scanning in 49 ms. Found 1 JPA repository interfaces.
2021-01-20 14:16:01.223  INFO 56074 --- [    Test worker] o.hibernate.jpa.internal.util.LogHelper  : HHH000204: Processing PersistenceUnitInfo [name: default]
2021-01-20 14:16:01.275  INFO 56074 --- [    Test worker] org.hibernate.Version                    : HHH000412: Hibernate ORM core version 5.4.27.Final
2021-01-20 14:16:01.429  INFO 56074 --- [    Test worker] o.hibernate.annotations.common.Version   : HCANN000001: Hibernate Commons Annotations {5.1.2.Final}
2021-01-20 14:16:01.531  INFO 56074 --- [    Test worker] com.zaxxer.hikari.HikariDataSource       : HikariPool-1 - Starting...
2021-01-20 14:16:01.910  INFO 56074 --- [    Test worker] com.zaxxer.hikari.HikariDataSource       : HikariPool-1 - Start completed.
2021-01-20 14:16:01.944  INFO 56074 --- [    Test worker] org.hibernate.dialect.Dialect            : HHH000400: Using dialect: org.hibernate.dialect.MySQL8Dialect
2021-01-20 14:16:02.683  INFO 56074 --- [    Test worker] o.h.e.t.j.p.i.JtaPlatformInitiator       : HHH000490: Using JtaPlatform implementation: [org.hibernate.engine.transaction.jta.platform.internal.NoJtaPlatform]
2021-01-20 14:16:02.691  INFO 56074 --- [    Test worker] j.LocalContainerEntityManagerFactoryBean : Initialized JPA EntityManagerFactory for persistence unit 'default'
2021-01-20 14:16:03.232  WARN 56074 --- [    Test worker] JpaBaseConfiguration$JpaWebConfiguration : spring.jpa.open-in-view is enabled by default. Therefore, database queries may be performed during view rendering. Explicitly configure spring.jpa.open-in-view to disable this warning
2021-01-20 14:16:03.434  INFO 56074 --- [    Test worker] o.s.s.concurrent.ThreadPoolTaskExecutor  : Initializing ExecutorService 'applicationTaskExecutor'
2021-01-20 14:16:03.529  INFO 56074 --- [    Test worker] o.s.b.a.w.s.WelcomePageHandlerMapping    : Adding welcome page: class path resource [static/index.html]
2021-01-20 14:16:03.807  INFO 56074 --- [    Test worker] o.z.g.service.GuestbookServiceTests      : Started GuestbookServiceTests in 9.031 seconds (JVM running for 10.127)
Hibernate: 
    select
        guestbook0_.gno as gno1_0_,
        guestbook0_.moddate as moddate2_0_,
        guestbook0_.regdate as regdate3_0_,
        guestbook0_.content as content4_0_,
        guestbook0_.title as title5_0_,
        guestbook0_.writer as writer6_0_ 
    from
        guestbook guestbook0_ 
    order by
        guestbook0_.gno desc limit ?
Hibernate: 
    select
        count(guestbook0_.gno) as col_0_0_ 
    from
        guestbook guestbook0_
GuestbookDTO(gno=301, title=Sample Title...., content=Sample content..., writer=user0, regDate=2021-01-20T12:36:58.364530, modDate=2021-01-20T12:36:58.364530)
GuestbookDTO(gno=300, title=Title....300, content=Changed contented..., writer=user0, regDate=2021-01-20T11:27:02.866794, modDate=2021-01-20T11:27:02.866794)
GuestbookDTO(gno=299, title=Title....299, content=Content....299, writer=user9, regDate=2021-01-20T11:27:02.857541, modDate=2021-01-20T11:27:02.857541)
GuestbookDTO(gno=298, title=Title....298, content=Content....298, writer=user8, regDate=2021-01-20T11:27:02.844808, modDate=2021-01-20T11:27:02.844808)
GuestbookDTO(gno=297, title=Title....297, content=Content....297, writer=user7, regDate=2021-01-20T11:27:02.834088, modDate=2021-01-20T11:27:02.834088)
GuestbookDTO(gno=296, title=Title....296, content=Content....296, writer=user6, regDate=2021-01-20T11:27:02.816784, modDate=2021-01-20T11:27:02.816784)
GuestbookDTO(gno=295, title=Title....295, content=Content....295, writer=user5, regDate=2021-01-20T11:27:02.797721, modDate=2021-01-20T11:27:02.797721)
GuestbookDTO(gno=294, title=Title....294, content=Content....294, writer=user4, regDate=2021-01-20T11:27:02.782305, modDate=2021-01-20T11:27:02.782305)
GuestbookDTO(gno=293, title=Title....293, content=Content....293, writer=user3, regDate=2021-01-20T11:27:02.766361, modDate=2021-01-20T11:27:02.766361)
GuestbookDTO(gno=292, title=Title....292, content=Content....292, writer=user2, regDate=2021-01-20T11:27:02.745491, modDate=2021-01-20T11:27:02.745491)
]]></system-out>
  <system-err><![CDATA[]]></system-err>
</testsuite>
