<?xml version="1.0" encoding="UTF-8"?>
<testsuite name="org.zerock.guestbook.service.GuestbookServiceTests" tests="1" skipped="0" failures="0" errors="0" timestamp="2021-01-20T05:33:42" hostname="AL01590072.local" time="0.432">
  <properties/>
  <testcase name="testList()" classname="org.zerock.guestbook.service.GuestbookServiceTests" time="0.432"/>
  <system-out><![CDATA[14:33:32.512 [Test worker] DEBUG org.springframework.test.context.BootstrapUtils - Instantiating CacheAwareContextLoaderDelegate from class [org.springframework.test.context.cache.DefaultCacheAwareContextLoaderDelegate]
14:33:32.525 [Test worker] DEBUG org.springframework.test.context.BootstrapUtils - Instantiating BootstrapContext using constructor [public org.springframework.test.context.support.DefaultBootstrapContext(java.lang.Class,org.springframework.test.context.CacheAwareContextLoaderDelegate)]
14:33:32.557 [Test worker] DEBUG org.springframework.test.context.BootstrapUtils - Instantiating TestContextBootstrapper for test class [org.zerock.guestbook.service.GuestbookServiceTests] from class [org.springframework.boot.test.context.SpringBootTestContextBootstrapper]
14:33:32.576 [Test worker] INFO org.springframework.boot.test.context.SpringBootTestContextBootstrapper - Neither @ContextConfiguration nor @ContextHierarchy found for test class [org.zerock.guestbook.service.GuestbookServiceTests], using SpringBootContextLoader
14:33:32.579 [Test worker] DEBUG org.springframework.test.context.support.AbstractContextLoader - Did not detect default resource location for test class [org.zerock.guestbook.service.GuestbookServiceTests]: class path resource [org/zerock/guestbook/service/GuestbookServiceTests-context.xml] does not exist
14:33:32.580 [Test worker] DEBUG org.springframework.test.context.support.AbstractContextLoader - Did not detect default resource location for test class [org.zerock.guestbook.service.GuestbookServiceTests]: class path resource [org/zerock/guestbook/service/GuestbookServiceTestsContext.groovy] does not exist
14:33:32.580 [Test worker] INFO org.springframework.test.context.support.AbstractContextLoader - Could not detect default resource locations for test class [org.zerock.guestbook.service.GuestbookServiceTests]: no resource found for suffixes {-context.xml, Context.groovy}.
14:33:32.581 [Test worker] INFO org.springframework.test.context.support.AnnotationConfigContextLoaderUtils - Could not detect default configuration classes for test class [org.zerock.guestbook.service.GuestbookServiceTests]: GuestbookServiceTests does not declare any static, non-private, non-final, nested classes annotated with @Configuration.
14:33:32.634 [Test worker] DEBUG org.springframework.test.context.support.ActiveProfilesUtils - Could not find an 'annotation declaring class' for annotation type [org.springframework.test.context.ActiveProfiles] and class [org.zerock.guestbook.service.GuestbookServiceTests]
14:33:32.688 [Test worker] DEBUG org.springframework.context.annotation.ClassPathScanningCandidateComponentProvider - Identified candidate component class: file [/Users/godo/Documents/GitHub/rasungKi.github.io/guestbook/build/classes/java/main/org/zerock/guestbook/GuestbookApplication.class]
14:33:32.690 [Test worker] INFO org.springframework.boot.test.context.SpringBootTestContextBootstrapper - Found @SpringBootConfiguration org.zerock.guestbook.GuestbookApplication for test class org.zerock.guestbook.service.GuestbookServiceTests
14:33:32.778 [Test worker] DEBUG org.springframework.boot.test.context.SpringBootTestContextBootstrapper - @TestExecutionListeners is not present for class [org.zerock.guestbook.service.GuestbookServiceTests]: using defaults.
14:33:32.778 [Test worker] INFO org.springframework.boot.test.context.SpringBootTestContextBootstrapper - Loaded default TestExecutionListener class names from location [META-INF/spring.factories]: [org.springframework.boot.test.autoconfigure.restdocs.RestDocsTestExecutionListener, org.springframework.boot.test.autoconfigure.web.client.MockRestServiceServerResetTestExecutionListener, org.springframework.boot.test.autoconfigure.web.servlet.MockMvcPrintOnlyOnFailureTestExecutionListener, org.springframework.boot.test.autoconfigure.web.servlet.WebDriverTestExecutionListener, org.springframework.boot.test.autoconfigure.webservices.client.MockWebServiceServerTestExecutionListener, org.springframework.boot.test.mock.mockito.MockitoTestExecutionListener, org.springframework.boot.test.mock.mockito.ResetMocksTestExecutionListener, org.springframework.test.context.web.ServletTestExecutionListener, org.springframework.test.context.support.DirtiesContextBeforeModesTestExecutionListener, org.springframework.test.context.event.ApplicationEventsTestExecutionListener, org.springframework.test.context.support.DependencyInjectionTestExecutionListener, org.springframework.test.context.support.DirtiesContextTestExecutionListener, org.springframework.test.context.transaction.TransactionalTestExecutionListener, org.springframework.test.context.jdbc.SqlScriptsTestExecutionListener, org.springframework.test.context.event.EventPublishingTestExecutionListener]
14:33:32.798 [Test worker] INFO org.springframework.boot.test.context.SpringBootTestContextBootstrapper - Using TestExecutionListeners: [org.springframework.test.context.web.ServletTestExecutionListener@95f0ca1, org.springframework.test.context.support.DirtiesContextBeforeModesTestExecutionListener@1a07990d, org.springframework.test.context.event.ApplicationEventsTestExecutionListener@6fc40340, org.springframework.boot.test.mock.mockito.MockitoTestExecutionListener@138bdb00, org.springframework.boot.test.autoconfigure.SpringBootDependencyInjectionTestExecutionListener@6240e7d4, org.springframework.test.context.support.DirtiesContextTestExecutionListener@44a9c560, org.springframework.test.context.transaction.TransactionalTestExecutionListener@b3800b6, org.springframework.test.context.jdbc.SqlScriptsTestExecutionListener@4626990a, org.springframework.test.context.event.EventPublishingTestExecutionListener@23bdb85d, org.springframework.boot.test.autoconfigure.restdocs.RestDocsTestExecutionListener@29b5fb8f, org.springframework.boot.test.autoconfigure.web.client.MockRestServiceServerResetTestExecutionListener@62c363bf, org.springframework.boot.test.autoconfigure.web.servlet.MockMvcPrintOnlyOnFailureTestExecutionListener@10df5824, org.springframework.boot.test.autoconfigure.web.servlet.WebDriverTestExecutionListener@5e6e7532, org.springframework.boot.test.autoconfigure.webservices.client.MockWebServiceServerTestExecutionListener@580184f3, org.springframework.boot.test.mock.mockito.ResetMocksTestExecutionListener@2126dad7]
14:33:32.802 [Test worker] DEBUG org.springframework.test.context.support.AbstractDirtiesContextTestExecutionListener - Before test class: context [DefaultTestContext@23265399 testClass = GuestbookServiceTests, testInstance = [null], testMethod = [null], testException = [null], mergedContextConfiguration = [WebMergedContextConfiguration@11955801 testClass = GuestbookServiceTests, locations = '{}', classes = '{class org.zerock.guestbook.GuestbookApplication}', contextInitializerClasses = '[]', activeProfiles = '{}', propertySourceLocations = '{}', propertySourceProperties = '{org.springframework.boot.test.context.SpringBootTestContextBootstrapper=true}', contextCustomizers = set[org.springframework.boot.test.autoconfigure.actuate.metrics.MetricsExportContextCustomizerFactory$DisableMetricExportContextCustomizer@304c3a40, org.springframework.boot.test.autoconfigure.properties.PropertyMappingContextCustomizer@0, org.springframework.boot.test.autoconfigure.web.servlet.WebDriverContextCustomizerFactory$Customizer@111bdce4, org.springframework.boot.test.context.filter.ExcludeFilterContextCustomizer@452cd478, org.springframework.boot.test.json.DuplicateJsonObjectContextCustomizerFactory$DuplicateJsonObjectContextCustomizer@623d8db1, org.springframework.boot.test.mock.mockito.MockitoContextCustomizer@0, org.springframework.boot.test.web.client.TestRestTemplateContextCustomizer@5f38961a, org.springframework.boot.test.context.SpringBootTestArgs@1, org.springframework.boot.test.context.SpringBootTestWebEnvironment@7554de46], resourceBasePath = 'src/main/webapp', contextLoader = 'org.springframework.boot.test.context.SpringBootContextLoader', parent = [null]], attributes = map['org.springframework.test.context.web.ServletTestExecutionListener.activateListener' -> true]], class annotated with @DirtiesContext [false] with mode [null].
14:33:32.832 [Test worker] DEBUG org.springframework.test.context.support.TestPropertySourceUtils - Adding inlined properties to environment: {spring.jmx.enabled=false, org.springframework.boot.test.context.SpringBootTestContextBootstrapper=true}

  .   ____          _            __ _ _
 /\\ / ___'_ __ _ _(_)_ __  __ _ \ \ \ \
( ( )\___ | '_ | '_| | '_ \/ _` | \ \ \ \
 \\/  ___)| |_)| | | | | || (_| |  ) ) ) )
  '  |____| .__|_| |_|_| |_\__, | / / / /
 =========|_|==============|___/=/_/_/_/
 :: Spring Boot ::                (v2.4.2)

2021-01-20 14:33:38.103  INFO 62952 --- [    Test worker] o.z.g.service.GuestbookServiceTests      : Starting GuestbookServiceTests using Java 11.0.9.1 on AL01590072.local with PID 62952 (started by godo in /Users/godo/Documents/GitHub/rasungKi.github.io/guestbook)
2021-01-20 14:33:38.106  INFO 62952 --- [    Test worker] o.z.g.service.GuestbookServiceTests      : No active profile set, falling back to default profiles: default
2021-01-20 14:33:38.811  INFO 62952 --- [    Test worker] .s.d.r.c.RepositoryConfigurationDelegate : Bootstrapping Spring Data JPA repositories in DEFAULT mode.
2021-01-20 14:33:38.868  INFO 62952 --- [    Test worker] .s.d.r.c.RepositoryConfigurationDelegate : Finished Spring Data repository scanning in 51 ms. Found 1 JPA repository interfaces.
2021-01-20 14:33:39.399  INFO 62952 --- [    Test worker] o.hibernate.jpa.internal.util.LogHelper  : HHH000204: Processing PersistenceUnitInfo [name: default]
2021-01-20 14:33:39.458  INFO 62952 --- [    Test worker] org.hibernate.Version                    : HHH000412: Hibernate ORM core version 5.4.27.Final
2021-01-20 14:33:39.628  INFO 62952 --- [    Test worker] o.hibernate.annotations.common.Version   : HCANN000001: Hibernate Commons Annotations {5.1.2.Final}
2021-01-20 14:33:39.734  INFO 62952 --- [    Test worker] com.zaxxer.hikari.HikariDataSource       : HikariPool-1 - Starting...
2021-01-20 14:33:40.147  INFO 62952 --- [    Test worker] com.zaxxer.hikari.HikariDataSource       : HikariPool-1 - Start completed.
2021-01-20 14:33:40.183  INFO 62952 --- [    Test worker] org.hibernate.dialect.Dialect            : HHH000400: Using dialect: org.hibernate.dialect.MySQL8Dialect
2021-01-20 14:33:40.960  INFO 62952 --- [    Test worker] o.h.e.t.j.p.i.JtaPlatformInitiator       : HHH000490: Using JtaPlatform implementation: [org.hibernate.engine.transaction.jta.platform.internal.NoJtaPlatform]
2021-01-20 14:33:40.968  INFO 62952 --- [    Test worker] j.LocalContainerEntityManagerFactoryBean : Initialized JPA EntityManagerFactory for persistence unit 'default'
2021-01-20 14:33:41.528  WARN 62952 --- [    Test worker] JpaBaseConfiguration$JpaWebConfiguration : spring.jpa.open-in-view is enabled by default. Therefore, database queries may be performed during view rendering. Explicitly configure spring.jpa.open-in-view to disable this warning
2021-01-20 14:33:41.737  INFO 62952 --- [    Test worker] o.s.s.concurrent.ThreadPoolTaskExecutor  : Initializing ExecutorService 'applicationTaskExecutor'
2021-01-20 14:33:41.835  INFO 62952 --- [    Test worker] o.s.b.a.w.s.WelcomePageHandlerMapping    : Adding welcome page: class path resource [static/index.html]
2021-01-20 14:33:42.157  INFO 62952 --- [    Test worker] o.z.g.service.GuestbookServiceTests      : Started GuestbookServiceTests in 9.317 seconds (JVM running for 10.462)
Hibernate: 
    select
        guestbook0_.gno as gno1_0_,
        guestbook0_.moddate as moddate2_0_,
        guestbook0_.regdate as regdate3_0_,
        guestbook0_.content as content4_0_,
        guestbook0_.title as title5_0_,
        guestbook0_.writer as writer6_0_ 
    from
        guestbook guestbook0_ 
    order by
        guestbook0_.gno desc limit ?
Hibernate: 
    select
        count(guestbook0_.gno) as col_0_0_ 
    from
        guestbook guestbook0_
PREV: false
NEXT: true
TOTAL: 31
--------------------------
GuestbookDTO(gno=301, title=Sample Title...., content=Sample content..., writer=user0, regDate=2021-01-20T12:36:58.364530, modDate=2021-01-20T12:36:58.364530)
GuestbookDTO(gno=300, title=Title....300, content=Changed contented..., writer=user0, regDate=2021-01-20T11:27:02.866794, modDate=2021-01-20T11:27:02.866794)
GuestbookDTO(gno=299, title=Title....299, content=Content....299, writer=user9, regDate=2021-01-20T11:27:02.857541, modDate=2021-01-20T11:27:02.857541)
GuestbookDTO(gno=298, title=Title....298, content=Content....298, writer=user8, regDate=2021-01-20T11:27:02.844808, modDate=2021-01-20T11:27:02.844808)
GuestbookDTO(gno=297, title=Title....297, content=Content....297, writer=user7, regDate=2021-01-20T11:27:02.834088, modDate=2021-01-20T11:27:02.834088)
GuestbookDTO(gno=296, title=Title....296, content=Content....296, writer=user6, regDate=2021-01-20T11:27:02.816784, modDate=2021-01-20T11:27:02.816784)
GuestbookDTO(gno=295, title=Title....295, content=Content....295, writer=user5, regDate=2021-01-20T11:27:02.797721, modDate=2021-01-20T11:27:02.797721)
GuestbookDTO(gno=294, title=Title....294, content=Content....294, writer=user4, regDate=2021-01-20T11:27:02.782305, modDate=2021-01-20T11:27:02.782305)
GuestbookDTO(gno=293, title=Title....293, content=Content....293, writer=user3, regDate=2021-01-20T11:27:02.766361, modDate=2021-01-20T11:27:02.766361)
GuestbookDTO(gno=292, title=Title....292, content=Content....292, writer=user2, regDate=2021-01-20T11:27:02.745491, modDate=2021-01-20T11:27:02.745491)
---------------------------
1
2
3
4
5
6
7
8
9
10
]]></system-out>
  <system-err><![CDATA[]]></system-err>
</testsuite>
