<?xml version="1.0" encoding="UTF-8"?>
<testsuite name="org.zerock.guestbook.repository.GuestbookRepositoryTests" tests="1" skipped="0" failures="0" errors="0" timestamp="2021-01-20T03:03:43" hostname="AL01590072.local" time="0.354">
  <properties/>
  <testcase name="testQuery2()" classname="org.zerock.guestbook.repository.GuestbookRepositoryTests" time="0.354"/>
  <system-out><![CDATA[12:03:33.992 [Test worker] DEBUG org.springframework.test.context.BootstrapUtils - Instantiating CacheAwareContextLoaderDelegate from class [org.springframework.test.context.cache.DefaultCacheAwareContextLoaderDelegate]
12:03:34.004 [Test worker] DEBUG org.springframework.test.context.BootstrapUtils - Instantiating BootstrapContext using constructor [public org.springframework.test.context.support.DefaultBootstrapContext(java.lang.Class,org.springframework.test.context.CacheAwareContextLoaderDelegate)]
12:03:34.046 [Test worker] DEBUG org.springframework.test.context.BootstrapUtils - Instantiating TestContextBootstrapper for test class [org.zerock.guestbook.repository.GuestbookRepositoryTests] from class [org.springframework.boot.test.context.SpringBootTestContextBootstrapper]
12:03:34.057 [Test worker] INFO org.springframework.boot.test.context.SpringBootTestContextBootstrapper - Neither @ContextConfiguration nor @ContextHierarchy found for test class [org.zerock.guestbook.repository.GuestbookRepositoryTests], using SpringBootContextLoader
12:03:34.061 [Test worker] DEBUG org.springframework.test.context.support.AbstractContextLoader - Did not detect default resource location for test class [org.zerock.guestbook.repository.GuestbookRepositoryTests]: class path resource [org/zerock/guestbook/repository/GuestbookRepositoryTests-context.xml] does not exist
12:03:34.062 [Test worker] DEBUG org.springframework.test.context.support.AbstractContextLoader - Did not detect default resource location for test class [org.zerock.guestbook.repository.GuestbookRepositoryTests]: class path resource [org/zerock/guestbook/repository/GuestbookRepositoryTestsContext.groovy] does not exist
12:03:34.062 [Test worker] INFO org.springframework.test.context.support.AbstractContextLoader - Could not detect default resource locations for test class [org.zerock.guestbook.repository.GuestbookRepositoryTests]: no resource found for suffixes {-context.xml, Context.groovy}.
12:03:34.063 [Test worker] INFO org.springframework.test.context.support.AnnotationConfigContextLoaderUtils - Could not detect default configuration classes for test class [org.zerock.guestbook.repository.GuestbookRepositoryTests]: GuestbookRepositoryTests does not declare any static, non-private, non-final, nested classes annotated with @Configuration.
12:03:34.110 [Test worker] DEBUG org.springframework.test.context.support.ActiveProfilesUtils - Could not find an 'annotation declaring class' for annotation type [org.springframework.test.context.ActiveProfiles] and class [org.zerock.guestbook.repository.GuestbookRepositoryTests]
12:03:34.167 [Test worker] DEBUG org.springframework.context.annotation.ClassPathScanningCandidateComponentProvider - Identified candidate component class: file [/Users/godo/Documents/GitHub/rasungKi.github.io/guestbook/build/classes/java/main/org/zerock/guestbook/GuestbookApplication.class]
12:03:34.168 [Test worker] INFO org.springframework.boot.test.context.SpringBootTestContextBootstrapper - Found @SpringBootConfiguration org.zerock.guestbook.GuestbookApplication for test class org.zerock.guestbook.repository.GuestbookRepositoryTests
12:03:34.265 [Test worker] DEBUG org.springframework.boot.test.context.SpringBootTestContextBootstrapper - @TestExecutionListeners is not present for class [org.zerock.guestbook.repository.GuestbookRepositoryTests]: using defaults.
12:03:34.265 [Test worker] INFO org.springframework.boot.test.context.SpringBootTestContextBootstrapper - Loaded default TestExecutionListener class names from location [META-INF/spring.factories]: [org.springframework.boot.test.autoconfigure.restdocs.RestDocsTestExecutionListener, org.springframework.boot.test.autoconfigure.web.client.MockRestServiceServerResetTestExecutionListener, org.springframework.boot.test.autoconfigure.web.servlet.MockMvcPrintOnlyOnFailureTestExecutionListener, org.springframework.boot.test.autoconfigure.web.servlet.WebDriverTestExecutionListener, org.springframework.boot.test.autoconfigure.webservices.client.MockWebServiceServerTestExecutionListener, org.springframework.boot.test.mock.mockito.MockitoTestExecutionListener, org.springframework.boot.test.mock.mockito.ResetMocksTestExecutionListener, org.springframework.test.context.web.ServletTestExecutionListener, org.springframework.test.context.support.DirtiesContextBeforeModesTestExecutionListener, org.springframework.test.context.event.ApplicationEventsTestExecutionListener, org.springframework.test.context.support.DependencyInjectionTestExecutionListener, org.springframework.test.context.support.DirtiesContextTestExecutionListener, org.springframework.test.context.transaction.TransactionalTestExecutionListener, org.springframework.test.context.jdbc.SqlScriptsTestExecutionListener, org.springframework.test.context.event.EventPublishingTestExecutionListener]
12:03:34.282 [Test worker] INFO org.springframework.boot.test.context.SpringBootTestContextBootstrapper - Using TestExecutionListeners: [org.springframework.test.context.web.ServletTestExecutionListener@7c320af7, org.springframework.test.context.support.DirtiesContextBeforeModesTestExecutionListener@7f3eb74f, org.springframework.test.context.event.ApplicationEventsTestExecutionListener@3f63182a, org.springframework.boot.test.mock.mockito.MockitoTestExecutionListener@6ca55bc9, org.springframework.boot.test.autoconfigure.SpringBootDependencyInjectionTestExecutionListener@2c9118, org.springframework.test.context.support.DirtiesContextTestExecutionListener@a22da9d, org.springframework.test.context.transaction.TransactionalTestExecutionListener@2d2721bb, org.springframework.test.context.jdbc.SqlScriptsTestExecutionListener@6b9a4cc5, org.springframework.test.context.event.EventPublishingTestExecutionListener@f5aa4ff, org.springframework.boot.test.autoconfigure.restdocs.RestDocsTestExecutionListener@133071bb, org.springframework.boot.test.autoconfigure.web.client.MockRestServiceServerResetTestExecutionListener@70ea09f, org.springframework.boot.test.autoconfigure.web.servlet.MockMvcPrintOnlyOnFailureTestExecutionListener@3ecb38df, org.springframework.boot.test.autoconfigure.web.servlet.WebDriverTestExecutionListener@64ec1ea5, org.springframework.boot.test.autoconfigure.webservices.client.MockWebServiceServerTestExecutionListener@74c1062a, org.springframework.boot.test.mock.mockito.ResetMocksTestExecutionListener@6b94a75]
12:03:34.285 [Test worker] DEBUG org.springframework.test.context.support.AbstractDirtiesContextTestExecutionListener - Before test class: context [DefaultTestContext@4c208ae7 testClass = GuestbookRepositoryTests, testInstance = [null], testMethod = [null], testException = [null], mergedContextConfiguration = [WebMergedContextConfiguration@55521201 testClass = GuestbookRepositoryTests, locations = '{}', classes = '{class org.zerock.guestbook.GuestbookApplication}', contextInitializerClasses = '[]', activeProfiles = '{}', propertySourceLocations = '{}', propertySourceProperties = '{org.springframework.boot.test.context.SpringBootTestContextBootstrapper=true}', contextCustomizers = set[org.springframework.boot.test.autoconfigure.actuate.metrics.MetricsExportContextCustomizerFactory$DisableMetricExportContextCustomizer@1b7be5e8, org.springframework.boot.test.autoconfigure.properties.PropertyMappingContextCustomizer@0, org.springframework.boot.test.autoconfigure.web.servlet.WebDriverContextCustomizerFactory$Customizer@651d8319, org.springframework.boot.test.context.filter.ExcludeFilterContextCustomizer@12c358f8, org.springframework.boot.test.json.DuplicateJsonObjectContextCustomizerFactory$DuplicateJsonObjectContextCustomizer@a1055f7, org.springframework.boot.test.mock.mockito.MockitoContextCustomizer@0, org.springframework.boot.test.web.client.TestRestTemplateContextCustomizer@1a1390f6, org.springframework.boot.test.context.SpringBootTestArgs@1, org.springframework.boot.test.context.SpringBootTestWebEnvironment@1a65cd7d], resourceBasePath = 'src/main/webapp', contextLoader = 'org.springframework.boot.test.context.SpringBootContextLoader', parent = [null]], attributes = map['org.springframework.test.context.web.ServletTestExecutionListener.activateListener' -> true]], class annotated with @DirtiesContext [false] with mode [null].
12:03:34.319 [Test worker] DEBUG org.springframework.test.context.support.TestPropertySourceUtils - Adding inlined properties to environment: {spring.jmx.enabled=false, org.springframework.boot.test.context.SpringBootTestContextBootstrapper=true}

  .   ____          _            __ _ _
 /\\ / ___'_ __ _ _(_)_ __  __ _ \ \ \ \
( ( )\___ | '_ | '_| | '_ \/ _` | \ \ \ \
 \\/  ___)| |_)| | | | | || (_| |  ) ) ) )
  '  |____| .__|_| |_|_| |_\__, | / / / /
 =========|_|==============|___/=/_/_/_/
 :: Spring Boot ::                (v2.4.2)

2021-01-20 12:03:39.570  INFO 5731 --- [    Test worker] o.z.g.r.GuestbookRepositoryTests         : Starting GuestbookRepositoryTests using Java 11.0.9.1 on AL01590072.local with PID 5731 (started by godo in /Users/godo/Documents/GitHub/rasungKi.github.io/guestbook)
2021-01-20 12:03:39.572  INFO 5731 --- [    Test worker] o.z.g.r.GuestbookRepositoryTests         : No active profile set, falling back to default profiles: default
2021-01-20 12:03:40.201  INFO 5731 --- [    Test worker] .s.d.r.c.RepositoryConfigurationDelegate : Bootstrapping Spring Data JPA repositories in DEFAULT mode.
2021-01-20 12:03:40.251  INFO 5731 --- [    Test worker] .s.d.r.c.RepositoryConfigurationDelegate : Finished Spring Data repository scanning in 43 ms. Found 1 JPA repository interfaces.
2021-01-20 12:03:40.777  INFO 5731 --- [    Test worker] o.hibernate.jpa.internal.util.LogHelper  : HHH000204: Processing PersistenceUnitInfo [name: default]
2021-01-20 12:03:40.827  INFO 5731 --- [    Test worker] org.hibernate.Version                    : HHH000412: Hibernate ORM core version 5.4.27.Final
2021-01-20 12:03:40.967  INFO 5731 --- [    Test worker] o.hibernate.annotations.common.Version   : HCANN000001: Hibernate Commons Annotations {5.1.2.Final}
2021-01-20 12:03:41.061  INFO 5731 --- [    Test worker] com.zaxxer.hikari.HikariDataSource       : HikariPool-1 - Starting...
2021-01-20 12:03:41.442  INFO 5731 --- [    Test worker] com.zaxxer.hikari.HikariDataSource       : HikariPool-1 - Start completed.
2021-01-20 12:03:41.474  INFO 5731 --- [    Test worker] org.hibernate.dialect.Dialect            : HHH000400: Using dialect: org.hibernate.dialect.MySQL8Dialect
2021-01-20 12:03:42.188  INFO 5731 --- [    Test worker] o.h.e.t.j.p.i.JtaPlatformInitiator       : HHH000490: Using JtaPlatform implementation: [org.hibernate.engine.transaction.jta.platform.internal.NoJtaPlatform]
2021-01-20 12:03:42.196  INFO 5731 --- [    Test worker] j.LocalContainerEntityManagerFactoryBean : Initialized JPA EntityManagerFactory for persistence unit 'default'
2021-01-20 12:03:42.422  WARN 5731 --- [    Test worker] JpaBaseConfiguration$JpaWebConfiguration : spring.jpa.open-in-view is enabled by default. Therefore, database queries may be performed during view rendering. Explicitly configure spring.jpa.open-in-view to disable this warning
2021-01-20 12:03:42.879  INFO 5731 --- [    Test worker] o.s.s.concurrent.ThreadPoolTaskExecutor  : Initializing ExecutorService 'applicationTaskExecutor'
2021-01-20 12:03:42.974  INFO 5731 --- [    Test worker] o.s.b.a.w.s.WelcomePageHandlerMapping    : Adding welcome page: class path resource [static/index.html]
2021-01-20 12:03:43.244  INFO 5731 --- [    Test worker] o.z.g.r.GuestbookRepositoryTests         : Started GuestbookRepositoryTests in 8.917 seconds (JVM running for 10.087)
Hibernate: 
    select
        guestbook0_.gno as gno1_0_,
        guestbook0_.moddate as moddate2_0_,
        guestbook0_.regdate as regdate3_0_,
        guestbook0_.content as content4_0_,
        guestbook0_.title as title5_0_,
        guestbook0_.writer as writer6_0_ 
    from
        guestbook guestbook0_ 
    where
        (
            guestbook0_.title like ? escape '!' 
            or guestbook0_.content like ? escape '!'
        ) 
        and guestbook0_.gno>? 
    order by
        guestbook0_.gno desc limit ?
Hibernate: 
    select
        count(guestbook0_.gno) as col_0_0_ 
    from
        guestbook guestbook0_ 
    where
        (
            guestbook0_.title like ? escape '!' 
            or guestbook0_.content like ? escape '!'
        ) 
        and guestbook0_.gno>?
Guestbook(gno=291, title=Title....291, content=Content....291, writer=user1)
Guestbook(gno=281, title=Title....281, content=Content....281, writer=user1)
Guestbook(gno=271, title=Title....271, content=Content....271, writer=user1)
Guestbook(gno=261, title=Title....261, content=Content....261, writer=user1)
Guestbook(gno=251, title=Title....251, content=Content....251, writer=user1)
Guestbook(gno=241, title=Title....241, content=Content....241, writer=user1)
Guestbook(gno=231, title=Title....231, content=Content....231, writer=user1)
Guestbook(gno=221, title=Title....221, content=Content....221, writer=user1)
Guestbook(gno=219, title=Title....219, content=Content....219, writer=user9)
Guestbook(gno=218, title=Title....218, content=Content....218, writer=user8)
]]></system-out>
  <system-err><![CDATA[]]></system-err>
</testsuite>
